The system is: Linux - 4.9.8-201.fc25.i686+PAE - i686
Compiling the C compiler identification source file "CMakeCCompilerId.c" succeeded.
Compiler: /usr/bin/cc 
Build flags: 
Id flags: 

The output was:
0


Compilation of the C compiler identification source "CMakeCCompilerId.c" produced "a.out"

The C compiler identification is GNU, found in "/home/keith/program/opencv/opencv学习(三十三)之霍夫变换HoughCircles/CMakeFiles/3.6.2/CompilerIdC/a.out"

Compiling the CXX compiler identification source file "CMakeCXXCompilerId.cpp" succeeded.
Compiler: /usr/bin/c++ 
Build flags: 
Id flags: 

The output was:
0


Compilation of the CXX compiler identification source "CMakeCXXCompilerId.cpp" produced "a.out"

The CXX compiler identification is GNU, found in "/home/keith/program/opencv/opencv学习(三十三)之霍夫变换HoughCircles/CMakeFiles/3.6.2/CompilerIdCXX/a.out"

Determining if the C compiler works passed with the following output:
Change Dir: /home/keith/program/opencv/opencv学习(三十三)之霍夫变换HoughCircles/CMakeFiles/CMakeTmp

Run Build Command:"/usr/bin/gmake" "cmTC_32f0c/fast"
/usr/bin/gmake -f CMakeFiles/cmTC_32f0c.dir/build.make CMakeFiles/cmTC_32f0c.dir/build
gmake[1]: Entering directory '/home/keith/program/opencv/opencv学习(三十三)之霍夫变换HoughCircles/CMakeFiles/CMakeTmp'
Building C object CMakeFiles/cmTC_32f0c.dir/testCCompiler.c.o
/usr/bin/cc     -o CMakeFiles/cmTC_32f0c.dir/testCCompiler.c.o   -c "/home/keith/program/opencv/opencv学习(三十三)之霍夫变换HoughCircles/CMakeFiles/CMakeTmp/testCCompiler.c"
Linking C executable cmTC_32f0c
/usr/bin/cmake -E cmake_link_script CMakeFiles/cmTC_32f0c.dir/link.txt --verbose=1
/usr/bin/cc       CMakeFiles/cmTC_32f0c.dir/testCCompiler.c.o  -o cmTC_32f0c -rdynamic 
gmake[1]: Leaving directory '/home/keith/program/opencv/opencv学习(三十三)之霍夫变换HoughCircles/CMakeFiles/CMakeTmp'


Detecting C compiler ABI info compiled with the following output:
Change Dir: /home/keith/program/opencv/opencv学习(三十三)之霍夫变换HoughCircles/CMakeFiles/CMakeTmp

Run Build Command:"/usr/bin/gmake" "cmTC_ef249/fast"
/usr/bin/gmake -f CMakeFiles/cmTC_ef249.dir/build.make CMakeFiles/cmTC_ef249.dir/build
gmake[1]: Entering directory '/home/keith/program/opencv/opencv学习(三十三)之霍夫变换HoughCircles/CMakeFiles/CMakeTmp'
Building C object CMakeFiles/cmTC_ef249.dir/CMakeCCompilerABI.c.o
/usr/bin/cc     -o CMakeFiles/cmTC_ef249.dir/CMakeCCompilerABI.c.o   -c /usr/share/cmake/Modules/CMakeCCompilerABI.c
Linking C executable cmTC_ef249
/usr/bin/cmake -E cmake_link_script CMakeFiles/cmTC_ef249.dir/link.txt --verbose=1
/usr/bin/cc      -v CMakeFiles/cmTC_ef249.dir/CMakeCCompilerABI.c.o  -o cmTC_ef249 -rdynamic  
使用内建 specs。
COLLECT_GCC=/usr/bin/cc
COLLECT_LTO_WRAPPER=/usr/libexec/gcc/i686-redhat-linux/6.3.1/lto-wrapper
目标：i686-redhat-linux
配置为：../configure --enable-bootstrap --enable-languages=c,c++,objc,obj-c++,fortran,ada,go,lto --prefix=/usr --mandir=/usr/share/man --infodir=/usr/share/info --with-bugurl=http://bugzilla.redhat.com/bugzilla --enable-shared --enable-threads=posix --enable-checking=release --enable-multilib --with-system-zlib --enable-__cxa_atexit --disable-libunwind-exceptions --enable-gnu-unique-object --enable-linker-build-id --with-linker-hash-style=gnu --enable-plugin --enable-initfini-array --disable-libgcj --with-isl --enable-libmpx --enable-gnu-indirect-function --with-tune=generic --with-arch=i686 --build=i686-redhat-linux
线程模型：posix
gcc 版本 6.3.1 20161221 (Red Hat 6.3.1-1) (GCC) 
COMPILER_PATH=/usr/libexec/gcc/i686-redhat-linux/6.3.1/:/usr/libexec/gcc/i686-redhat-linux/6.3.1/:/usr/libexec/gcc/i686-redhat-linux/:/usr/lib/gcc/i686-redhat-linux/6.3.1/:/usr/lib/gcc/i686-redhat-linux/
LIBRARY_PATH=/usr/lib/gcc/i686-redhat-linux/6.3.1/:/usr/lib/gcc/i686-redhat-linux/6.3.1/../../../:/lib/:/usr/lib/
COLLECT_GCC_OPTIONS='-v' '-o' 'cmTC_ef249' '-rdynamic' '-mtune=generic' '-march=i686'
 /usr/libexec/gcc/i686-redhat-linux/6.3.1/collect2 -plugin /usr/libexec/gcc/i686-redhat-linux/6.3.1/liblto_plugin.so -plugin-opt=/usr/libexec/gcc/i686-redhat-linux/6.3.1/lto-wrapper -plugin-opt=-fresolution=/tmp/ccOAJZ0K.res -plugin-opt=-pass-through=-lgcc -plugin-opt=-pass-through=-lgcc_s -plugin-opt=-pass-through=-lc -plugin-opt=-pass-through=-lgcc -plugin-opt=-pass-through=-lgcc_s --build-id --no-add-needed --eh-frame-hdr --hash-style=gnu -m elf_i386 -export-dynamic -dynamic-linker /lib/ld-linux.so.2 -o cmTC_ef249 /usr/lib/gcc/i686-redhat-linux/6.3.1/../../../crt1.o /usr/lib/gcc/i686-redhat-linux/6.3.1/../../../crti.o /usr/lib/gcc/i686-redhat-linux/6.3.1/crtbegin.o -L/usr/lib/gcc/i686-redhat-linux/6.3.1 -L/usr/lib/gcc/i686-redhat-linux/6.3.1/../../.. CMakeFiles/cmTC_ef249.dir/CMakeCCompilerABI.c.o -lgcc --as-needed -lgcc_s --no-as-needed -lc -lgcc --as-needed -lgcc_s --no-as-needed /usr/lib/gcc/i686-redhat-linux/6.3.1/crtend.o /usr/lib/gcc/i686-redhat-linux/6.3.1/../../../crtn.o
COLLECT_GCC_OPTIONS='-v' '-o' 'cmTC_ef249' '-rdynamic' '-mtune=generic' '-march=i686'
gmake[1]: Leaving directory '/home/keith/program/opencv/opencv学习(三十三)之霍夫变换HoughCircles/CMakeFiles/CMakeTmp'


Parsed C implicit link information from above output:
  link line regex: [^( *|.*[/\])(ld|([^/\]+-)?ld|collect2)[^/\]*( |$)]
  ignore line: [Change Dir: /home/keith/program/opencv/opencv学习(三十三)之霍夫变换HoughCircles/CMakeFiles/CMakeTmp]
  ignore line: []
  ignore line: [Run Build Command:"/usr/bin/gmake" "cmTC_ef249/fast"]
  ignore line: [/usr/bin/gmake -f CMakeFiles/cmTC_ef249.dir/build.make CMakeFiles/cmTC_ef249.dir/build]
  ignore line: [gmake[1]: Entering directory '/home/keith/program/opencv/opencv学习(三十三)之霍夫变换HoughCircles/CMakeFiles/CMakeTmp']
  ignore line: [Building C object CMakeFiles/cmTC_ef249.dir/CMakeCCompilerABI.c.o]
  ignore line: [/usr/bin/cc     -o CMakeFiles/cmTC_ef249.dir/CMakeCCompilerABI.c.o   -c /usr/share/cmake/Modules/CMakeCCompilerABI.c]
  ignore line: [Linking C executable cmTC_ef249]
  ignore line: [/usr/bin/cmake -E cmake_link_script CMakeFiles/cmTC_ef249.dir/link.txt --verbose=1]
  ignore line: [/usr/bin/cc      -v CMakeFiles/cmTC_ef249.dir/CMakeCCompilerABI.c.o  -o cmTC_ef249 -rdynamic  ]
  ignore line: [使用内建 specs。]
  ignore line: [COLLECT_GCC=/usr/bin/cc]
  ignore line: [COLLECT_LTO_WRAPPER=/usr/libexec/gcc/i686-redhat-linux/6.3.1/lto-wrapper]
  ignore line: [目标：i686-redhat-linux]
  ignore line: [配置为：../configure --enable-bootstrap --enable-languages=c,c++,objc,obj-c++,fortran,ada,go,lto --prefix=/usr --mandir=/usr/share/man --infodir=/usr/share/info --with-bugurl=http://bugzilla.redhat.com/bugzilla --enable-shared --enable-threads=posix --enable-checking=release --enable-multilib --with-system-zlib --enable-__cxa_atexit --disable-libunwind-exceptions --enable-gnu-unique-object --enable-linker-build-id --with-linker-hash-style=gnu --enable-plugin --enable-initfini-array --disable-libgcj --with-isl --enable-libmpx --enable-gnu-indirect-function --with-tune=generic --with-arch=i686 --build=i686-redhat-linux]
  ignore line: [线程模型：posix]
  ignore line: [gcc 版本 6.3.1 20161221 (Red Hat 6.3.1-1) (GCC) ]
  ignore line: [COMPILER_PATH=/usr/libexec/gcc/i686-redhat-linux/6.3.1/:/usr/libexec/gcc/i686-redhat-linux/6.3.1/:/usr/libexec/gcc/i686-redhat-linux/:/usr/lib/gcc/i686-redhat-linux/6.3.1/:/usr/lib/gcc/i686-redhat-linux/]
  ignore line: [LIBRARY_PATH=/usr/lib/gcc/i686-redhat-linux/6.3.1/:/usr/lib/gcc/i686-redhat-linux/6.3.1/../../../:/lib/:/usr/lib/]
  ignore line: [COLLECT_GCC_OPTIONS='-v' '-o' 'cmTC_ef249' '-rdynamic' '-mtune=generic' '-march=i686']
  link line: [ /usr/libexec/gcc/i686-redhat-linux/6.3.1/collect2 -plugin /usr/libexec/gcc/i686-redhat-linux/6.3.1/liblto_plugin.so -plugin-opt=/usr/libexec/gcc/i686-redhat-linux/6.3.1/lto-wrapper -plugin-opt=-fresolution=/tmp/ccOAJZ0K.res -plugin-opt=-pass-through=-lgcc -plugin-opt=-pass-through=-lgcc_s -plugin-opt=-pass-through=-lc -plugin-opt=-pass-through=-lgcc -plugin-opt=-pass-through=-lgcc_s --build-id --no-add-needed --eh-frame-hdr --hash-style=gnu -m elf_i386 -export-dynamic -dynamic-linker /lib/ld-linux.so.2 -o cmTC_ef249 /usr/lib/gcc/i686-redhat-linux/6.3.1/../../../crt1.o /usr/lib/gcc/i686-redhat-linux/6.3.1/../../../crti.o /usr/lib/gcc/i686-redhat-linux/6.3.1/crtbegin.o -L/usr/lib/gcc/i686-redhat-linux/6.3.1 -L/usr/lib/gcc/i686-redhat-linux/6.3.1/../../.. CMakeFiles/cmTC_ef249.dir/CMakeCCompilerABI.c.o -lgcc --as-needed -lgcc_s --no-as-needed -lc -lgcc --as-needed -lgcc_s --no-as-needed /usr/lib/gcc/i686-redhat-linux/6.3.1/crtend.o /usr/lib/gcc/i686-redhat-linux/6.3.1/../../../crtn.o]
    arg [/usr/libexec/gcc/i686-redhat-linux/6.3.1/collect2] ==> ignore
    arg [-plugin] ==> ignore
    arg [/usr/libexec/gcc/i686-redhat-linux/6.3.1/liblto_plugin.so] ==> ignore
    arg [-plugin-opt=/usr/libexec/gcc/i686-redhat-linux/6.3.1/lto-wrapper] ==> ignore
    arg [-plugin-opt=-fresolution=/tmp/ccOAJZ0K.res] ==> ignore
    arg [-plugin-opt=-pass-through=-lgcc] ==> ignore
    arg [-plugin-opt=-pass-through=-lgcc_s] ==> ignore
    arg [-plugin-opt=-pass-through=-lc] ==> ignore
    arg [-plugin-opt=-pass-through=-lgcc] ==> ignore
    arg [-plugin-opt=-pass-through=-lgcc_s] ==> ignore
    arg [--build-id] ==> ignore
    arg [--no-add-needed] ==> ignore
    arg [--eh-frame-hdr] ==> ignore
    arg [--hash-style=gnu] ==> ignore
    arg [-m] ==> ignore
    arg [elf_i386] ==> ignore
    arg [-export-dynamic] ==> ignore
    arg [-dynamic-linker] ==> ignore
    arg [/lib/ld-linux.so.2] ==> ignore
    arg [-o] ==> ignore
    arg [cmTC_ef249] ==> ignore
    arg [/usr/lib/gcc/i686-redhat-linux/6.3.1/../../../crt1.o] ==> ignore
    arg [/usr/lib/gcc/i686-redhat-linux/6.3.1/../../../crti.o] ==> ignore
    arg [/usr/lib/gcc/i686-redhat-linux/6.3.1/crtbegin.o] ==> ignore
    arg [-L/usr/lib/gcc/i686-redhat-linux/6.3.1] ==> dir [/usr/lib/gcc/i686-redhat-linux/6.3.1]
    arg [-L/usr/lib/gcc/i686-redhat-linux/6.3.1/../../..] ==> dir [/usr/lib/gcc/i686-redhat-linux/6.3.1/../../..]
    arg [CMakeFiles/cmTC_ef249.dir/CMakeCCompilerABI.c.o] ==> ignore
    arg [-lgcc] ==> lib [gcc]
    arg [--as-needed] ==> ignore
    arg [-lgcc_s] ==> lib [gcc_s]
    arg [--no-as-needed] ==> ignore
    arg [-lc] ==> lib [c]
    arg [-lgcc] ==> lib [gcc]
    arg [--as-needed] ==> ignore
    arg [-lgcc_s] ==> lib [gcc_s]
    arg [--no-as-needed] ==> ignore
    arg [/usr/lib/gcc/i686-redhat-linux/6.3.1/crtend.o] ==> ignore
    arg [/usr/lib/gcc/i686-redhat-linux/6.3.1/../../../crtn.o] ==> ignore
  remove lib [gcc]
  remove lib [gcc_s]
  remove lib [gcc]
  remove lib [gcc_s]
  collapse library dir [/usr/lib/gcc/i686-redhat-linux/6.3.1] ==> [/usr/lib/gcc/i686-redhat-linux/6.3.1]
  collapse library dir [/usr/lib/gcc/i686-redhat-linux/6.3.1/../../..] ==> [/usr/lib]
  implicit libs: [c]
  implicit dirs: [/usr/lib/gcc/i686-redhat-linux/6.3.1;/usr/lib]
  implicit fwks: []




Detecting C [-std=c11] compiler features compiled with the following output:
Change Dir: /home/keith/program/opencv/opencv学习(三十三)之霍夫变换HoughCircles/CMakeFiles/CMakeTmp

Run Build Command:"/usr/bin/gmake" "cmTC_8f25f/fast"
/usr/bin/gmake -f CMakeFiles/cmTC_8f25f.dir/build.make CMakeFiles/cmTC_8f25f.dir/build
gmake[1]: Entering directory '/home/keith/program/opencv/opencv学习(三十三)之霍夫变换HoughCircles/CMakeFiles/CMakeTmp'
Building C object CMakeFiles/cmTC_8f25f.dir/feature_tests.c.o
/usr/bin/cc    -std=c11 -o CMakeFiles/cmTC_8f25f.dir/feature_tests.c.o   -c "/home/keith/program/opencv/opencv学习(三十三)之霍夫变换HoughCircles/CMakeFiles/feature_tests.c"
Linking C executable cmTC_8f25f
/usr/bin/cmake -E cmake_link_script CMakeFiles/cmTC_8f25f.dir/link.txt --verbose=1
/usr/bin/cc       CMakeFiles/cmTC_8f25f.dir/feature_tests.c.o  -o cmTC_8f25f -rdynamic 
gmake[1]: Leaving directory '/home/keith/program/opencv/opencv学习(三十三)之霍夫变换HoughCircles/CMakeFiles/CMakeTmp'


    Feature record: C_FEATURE:1c_function_prototypes
    Feature record: C_FEATURE:1c_restrict
    Feature record: C_FEATURE:1c_static_assert
    Feature record: C_FEATURE:1c_variadic_macros


Detecting C [-std=c99] compiler features compiled with the following output:
Change Dir: /home/keith/program/opencv/opencv学习(三十三)之霍夫变换HoughCircles/CMakeFiles/CMakeTmp

Run Build Command:"/usr/bin/gmake" "cmTC_cfd62/fast"
/usr/bin/gmake -f CMakeFiles/cmTC_cfd62.dir/build.make CMakeFiles/cmTC_cfd62.dir/build
gmake[1]: Entering directory '/home/keith/program/opencv/opencv学习(三十三)之霍夫变换HoughCircles/CMakeFiles/CMakeTmp'
Building C object CMakeFiles/cmTC_cfd62.dir/feature_tests.c.o
/usr/bin/cc    -std=c99 -o CMakeFiles/cmTC_cfd62.dir/feature_tests.c.o   -c "/home/keith/program/opencv/opencv学习(三十三)之霍夫变换HoughCircles/CMakeFiles/feature_tests.c"
Linking C executable cmTC_cfd62
/usr/bin/cmake -E cmake_link_script CMakeFiles/cmTC_cfd62.dir/link.txt --verbose=1
/usr/bin/cc       CMakeFiles/cmTC_cfd62.dir/feature_tests.c.o  -o cmTC_cfd62 -rdynamic 
gmake[1]: Leaving directory '/home/keith/program/opencv/opencv学习(三十三)之霍夫变换HoughCircles/CMakeFiles/CMakeTmp'


    Feature record: C_FEATURE:1c_function_prototypes
    Feature record: C_FEATURE:1c_restrict
    Feature record: C_FEATURE:0c_static_assert
    Feature record: C_FEATURE:1c_variadic_macros


Detecting C [-std=c90] compiler features compiled with the following output:
Change Dir: /home/keith/program/opencv/opencv学习(三十三)之霍夫变换HoughCircles/CMakeFiles/CMakeTmp

Run Build Command:"/usr/bin/gmake" "cmTC_4eb71/fast"
/usr/bin/gmake -f CMakeFiles/cmTC_4eb71.dir/build.make CMakeFiles/cmTC_4eb71.dir/build
gmake[1]: Entering directory '/home/keith/program/opencv/opencv学习(三十三)之霍夫变换HoughCircles/CMakeFiles/CMakeTmp'
Building C object CMakeFiles/cmTC_4eb71.dir/feature_tests.c.o
/usr/bin/cc    -std=c90 -o CMakeFiles/cmTC_4eb71.dir/feature_tests.c.o   -c "/home/keith/program/opencv/opencv学习(三十三)之霍夫变换HoughCircles/CMakeFiles/feature_tests.c"
Linking C executable cmTC_4eb71
/usr/bin/cmake -E cmake_link_script CMakeFiles/cmTC_4eb71.dir/link.txt --verbose=1
/usr/bin/cc       CMakeFiles/cmTC_4eb71.dir/feature_tests.c.o  -o cmTC_4eb71 -rdynamic 
gmake[1]: Leaving directory '/home/keith/program/opencv/opencv学习(三十三)之霍夫变换HoughCircles/CMakeFiles/CMakeTmp'


    Feature record: C_FEATURE:1c_function_prototypes
    Feature record: C_FEATURE:0c_restrict
    Feature record: C_FEATURE:0c_static_assert
    Feature record: C_FEATURE:0c_variadic_macros
Determining if the CXX compiler works passed with the following output:
Change Dir: /home/keith/program/opencv/opencv学习(三十三)之霍夫变换HoughCircles/CMakeFiles/CMakeTmp

Run Build Command:"/usr/bin/gmake" "cmTC_41a49/fast"
/usr/bin/gmake -f CMakeFiles/cmTC_41a49.dir/build.make CMakeFiles/cmTC_41a49.dir/build
gmake[1]: Entering directory '/home/keith/program/opencv/opencv学习(三十三)之霍夫变换HoughCircles/CMakeFiles/CMakeTmp'
Building CXX object CMakeFiles/cmTC_41a49.dir/testCXXCompiler.cxx.o
/usr/bin/c++      -o CMakeFiles/cmTC_41a49.dir/testCXXCompiler.cxx.o -c "/home/keith/program/opencv/opencv学习(三十三)之霍夫变换HoughCircles/CMakeFiles/CMakeTmp/testCXXCompiler.cxx"
Linking CXX executable cmTC_41a49
/usr/bin/cmake -E cmake_link_script CMakeFiles/cmTC_41a49.dir/link.txt --verbose=1
/usr/bin/c++        CMakeFiles/cmTC_41a49.dir/testCXXCompiler.cxx.o  -o cmTC_41a49 -rdynamic 
gmake[1]: Leaving directory '/home/keith/program/opencv/opencv学习(三十三)之霍夫变换HoughCircles/CMakeFiles/CMakeTmp'


Detecting CXX compiler ABI info compiled with the following output:
Change Dir: /home/keith/program/opencv/opencv学习(三十三)之霍夫变换HoughCircles/CMakeFiles/CMakeTmp

Run Build Command:"/usr/bin/gmake" "cmTC_f7b96/fast"
/usr/bin/gmake -f CMakeFiles/cmTC_f7b96.dir/build.make CMakeFiles/cmTC_f7b96.dir/build
gmake[1]: Entering directory '/home/keith/program/opencv/opencv学习(三十三)之霍夫变换HoughCircles/CMakeFiles/CMakeTmp'
Building CXX object CMakeFiles/cmTC_f7b96.dir/CMakeCXXCompilerABI.cpp.o
/usr/bin/c++      -o CMakeFiles/cmTC_f7b96.dir/CMakeCXXCompilerABI.cpp.o -c /usr/share/cmake/Modules/CMakeCXXCompilerABI.cpp
Linking CXX executable cmTC_f7b96
/usr/bin/cmake -E cmake_link_script CMakeFiles/cmTC_f7b96.dir/link.txt --verbose=1
/usr/bin/c++       -v CMakeFiles/cmTC_f7b96.dir/CMakeCXXCompilerABI.cpp.o  -o cmTC_f7b96 -rdynamic  
使用内建 specs。
COLLECT_GCC=/usr/bin/c++
COLLECT_LTO_WRAPPER=/usr/libexec/gcc/i686-redhat-linux/6.3.1/lto-wrapper
目标：i686-redhat-linux
配置为：../configure --enable-bootstrap --enable-languages=c,c++,objc,obj-c++,fortran,ada,go,lto --prefix=/usr --mandir=/usr/share/man --infodir=/usr/share/info --with-bugurl=http://bugzilla.redhat.com/bugzilla --enable-shared --enable-threads=posix --enable-checking=release --enable-multilib --with-system-zlib --enable-__cxa_atexit --disable-libunwind-exceptions --enable-gnu-unique-object --enable-linker-build-id --with-linker-hash-style=gnu --enable-plugin --enable-initfini-array --disable-libgcj --with-isl --enable-libmpx --enable-gnu-indirect-function --with-tune=generic --with-arch=i686 --build=i686-redhat-linux
线程模型：posix
gcc 版本 6.3.1 20161221 (Red Hat 6.3.1-1) (GCC) 
COMPILER_PATH=/usr/libexec/gcc/i686-redhat-linux/6.3.1/:/usr/libexec/gcc/i686-redhat-linux/6.3.1/:/usr/libexec/gcc/i686-redhat-linux/:/usr/lib/gcc/i686-redhat-linux/6.3.1/:/usr/lib/gcc/i686-redhat-linux/
LIBRARY_PATH=/usr/lib/gcc/i686-redhat-linux/6.3.1/:/usr/lib/gcc/i686-redhat-linux/6.3.1/../../../:/lib/:/usr/lib/
COLLECT_GCC_OPTIONS='-v' '-o' 'cmTC_f7b96' '-rdynamic' '-shared-libgcc' '-mtune=generic' '-march=i686'
 /usr/libexec/gcc/i686-redhat-linux/6.3.1/collect2 -plugin /usr/libexec/gcc/i686-redhat-linux/6.3.1/liblto_plugin.so -plugin-opt=/usr/libexec/gcc/i686-redhat-linux/6.3.1/lto-wrapper -plugin-opt=-fresolution=/tmp/ccErvBZE.res -plugin-opt=-pass-through=-lgcc_s -plugin-opt=-pass-through=-lgcc -plugin-opt=-pass-through=-lc -plugin-opt=-pass-through=-lgcc_s -plugin-opt=-pass-through=-lgcc --build-id --no-add-needed --eh-frame-hdr --hash-style=gnu -m elf_i386 -export-dynamic -dynamic-linker /lib/ld-linux.so.2 -o cmTC_f7b96 /usr/lib/gcc/i686-redhat-linux/6.3.1/../../../crt1.o /usr/lib/gcc/i686-redhat-linux/6.3.1/../../../crti.o /usr/lib/gcc/i686-redhat-linux/6.3.1/crtbegin.o -L/usr/lib/gcc/i686-redhat-linux/6.3.1 -L/usr/lib/gcc/i686-redhat-linux/6.3.1/../../.. CMakeFiles/cmTC_f7b96.dir/CMakeCXXCompilerABI.cpp.o -lstdc++ -lm -lgcc_s -lgcc -lc -lgcc_s -lgcc /usr/lib/gcc/i686-redhat-linux/6.3.1/crtend.o /usr/lib/gcc/i686-redhat-linux/6.3.1/../../../crtn.o
COLLECT_GCC_OPTIONS='-v' '-o' 'cmTC_f7b96' '-rdynamic' '-shared-libgcc' '-mtune=generic' '-march=i686'
gmake[1]: Leaving directory '/home/keith/program/opencv/opencv学习(三十三)之霍夫变换HoughCircles/CMakeFiles/CMakeTmp'


Parsed CXX implicit link information from above output:
  link line regex: [^( *|.*[/\])(ld|([^/\]+-)?ld|collect2)[^/\]*( |$)]
  ignore line: [Change Dir: /home/keith/program/opencv/opencv学习(三十三)之霍夫变换HoughCircles/CMakeFiles/CMakeTmp]
  ignore line: []
  ignore line: [Run Build Command:"/usr/bin/gmake" "cmTC_f7b96/fast"]
  ignore line: [/usr/bin/gmake -f CMakeFiles/cmTC_f7b96.dir/build.make CMakeFiles/cmTC_f7b96.dir/build]
  ignore line: [gmake[1]: Entering directory '/home/keith/program/opencv/opencv学习(三十三)之霍夫变换HoughCircles/CMakeFiles/CMakeTmp']
  ignore line: [Building CXX object CMakeFiles/cmTC_f7b96.dir/CMakeCXXCompilerABI.cpp.o]
  ignore line: [/usr/bin/c++      -o CMakeFiles/cmTC_f7b96.dir/CMakeCXXCompilerABI.cpp.o -c /usr/share/cmake/Modules/CMakeCXXCompilerABI.cpp]
  ignore line: [Linking CXX executable cmTC_f7b96]
  ignore line: [/usr/bin/cmake -E cmake_link_script CMakeFiles/cmTC_f7b96.dir/link.txt --verbose=1]
  ignore line: [/usr/bin/c++       -v CMakeFiles/cmTC_f7b96.dir/CMakeCXXCompilerABI.cpp.o  -o cmTC_f7b96 -rdynamic  ]
  ignore line: [使用内建 specs。]
  ignore line: [COLLECT_GCC=/usr/bin/c++]
  ignore line: [COLLECT_LTO_WRAPPER=/usr/libexec/gcc/i686-redhat-linux/6.3.1/lto-wrapper]
  ignore line: [目标：i686-redhat-linux]
  ignore line: [配置为：../configure --enable-bootstrap --enable-languages=c,c++,objc,obj-c++,fortran,ada,go,lto --prefix=/usr --mandir=/usr/share/man --infodir=/usr/share/info --with-bugurl=http://bugzilla.redhat.com/bugzilla --enable-shared --enable-threads=posix --enable-checking=release --enable-multilib --with-system-zlib --enable-__cxa_atexit --disable-libunwind-exceptions --enable-gnu-unique-object --enable-linker-build-id --with-linker-hash-style=gnu --enable-plugin --enable-initfini-array --disable-libgcj --with-isl --enable-libmpx --enable-gnu-indirect-function --with-tune=generic --with-arch=i686 --build=i686-redhat-linux]
  ignore line: [线程模型：posix]
  ignore line: [gcc 版本 6.3.1 20161221 (Red Hat 6.3.1-1) (GCC) ]
  ignore line: [COMPILER_PATH=/usr/libexec/gcc/i686-redhat-linux/6.3.1/:/usr/libexec/gcc/i686-redhat-linux/6.3.1/:/usr/libexec/gcc/i686-redhat-linux/:/usr/lib/gcc/i686-redhat-linux/6.3.1/:/usr/lib/gcc/i686-redhat-linux/]
  ignore line: [LIBRARY_PATH=/usr/lib/gcc/i686-redhat-linux/6.3.1/:/usr/lib/gcc/i686-redhat-linux/6.3.1/../../../:/lib/:/usr/lib/]
  ignore line: [COLLECT_GCC_OPTIONS='-v' '-o' 'cmTC_f7b96' '-rdynamic' '-shared-libgcc' '-mtune=generic' '-march=i686']
  link line: [ /usr/libexec/gcc/i686-redhat-linux/6.3.1/collect2 -plugin /usr/libexec/gcc/i686-redhat-linux/6.3.1/liblto_plugin.so -plugin-opt=/usr/libexec/gcc/i686-redhat-linux/6.3.1/lto-wrapper -plugin-opt=-fresolution=/tmp/ccErvBZE.res -plugin-opt=-pass-through=-lgcc_s -plugin-opt=-pass-through=-lgcc -plugin-opt=-pass-through=-lc -plugin-opt=-pass-through=-lgcc_s -plugin-opt=-pass-through=-lgcc --build-id --no-add-needed --eh-frame-hdr --hash-style=gnu -m elf_i386 -export-dynamic -dynamic-linker /lib/ld-linux.so.2 -o cmTC_f7b96 /usr/lib/gcc/i686-redhat-linux/6.3.1/../../../crt1.o /usr/lib/gcc/i686-redhat-linux/6.3.1/../../../crti.o /usr/lib/gcc/i686-redhat-linux/6.3.1/crtbegin.o -L/usr/lib/gcc/i686-redhat-linux/6.3.1 -L/usr/lib/gcc/i686-redhat-linux/6.3.1/../../.. CMakeFiles/cmTC_f7b96.dir/CMakeCXXCompilerABI.cpp.o -lstdc++ -lm -lgcc_s -lgcc -lc -lgcc_s -lgcc /usr/lib/gcc/i686-redhat-linux/6.3.1/crtend.o /usr/lib/gcc/i686-redhat-linux/6.3.1/../../../crtn.o]
    arg [/usr/libexec/gcc/i686-redhat-linux/6.3.1/collect2] ==> ignore
    arg [-plugin] ==> ignore
    arg [/usr/libexec/gcc/i686-redhat-linux/6.3.1/liblto_plugin.so] ==> ignore
    arg [-plugin-opt=/usr/libexec/gcc/i686-redhat-linux/6.3.1/lto-wrapper] ==> ignore
    arg [-plugin-opt=-fresolution=/tmp/ccErvBZE.res] ==> ignore
    arg [-plugin-opt=-pass-through=-lgcc_s] ==> ignore
    arg [-plugin-opt=-pass-through=-lgcc] ==> ignore
    arg [-plugin-opt=-pass-through=-lc] ==> ignore
    arg [-plugin-opt=-pass-through=-lgcc_s] ==> ignore
    arg [-plugin-opt=-pass-through=-lgcc] ==> ignore
    arg [--build-id] ==> ignore
    arg [--no-add-needed] ==> ignore
    arg [--eh-frame-hdr] ==> ignore
    arg [--hash-style=gnu] ==> ignore
    arg [-m] ==> ignore
    arg [elf_i386] ==> ignore
    arg [-export-dynamic] ==> ignore
    arg [-dynamic-linker] ==> ignore
    arg [/lib/ld-linux.so.2] ==> ignore
    arg [-o] ==> ignore
    arg [cmTC_f7b96] ==> ignore
    arg [/usr/lib/gcc/i686-redhat-linux/6.3.1/../../../crt1.o] ==> ignore
    arg [/usr/lib/gcc/i686-redhat-linux/6.3.1/../../../crti.o] ==> ignore
    arg [/usr/lib/gcc/i686-redhat-linux/6.3.1/crtbegin.o] ==> ignore
    arg [-L/usr/lib/gcc/i686-redhat-linux/6.3.1] ==> dir [/usr/lib/gcc/i686-redhat-linux/6.3.1]
    arg [-L/usr/lib/gcc/i686-redhat-linux/6.3.1/../../..] ==> dir [/usr/lib/gcc/i686-redhat-linux/6.3.1/../../..]
    arg [CMakeFiles/cmTC_f7b96.dir/CMakeCXXCompilerABI.cpp.o] ==> ignore
    arg [-lstdc++] ==> lib [stdc++]
    arg [-lm] ==> lib [m]
    arg [-lgcc_s] ==> lib [gcc_s]
    arg [-lgcc] ==> lib [gcc]
    arg [-lc] ==> lib [c]
    arg [-lgcc_s] ==> lib [gcc_s]
    arg [-lgcc] ==> lib [gcc]
    arg [/usr/lib/gcc/i686-redhat-linux/6.3.1/crtend.o] ==> ignore
    arg [/usr/lib/gcc/i686-redhat-linux/6.3.1/../../../crtn.o] ==> ignore
  remove lib [gcc_s]
  remove lib [gcc]
  remove lib [gcc_s]
  remove lib [gcc]
  collapse library dir [/usr/lib/gcc/i686-redhat-linux/6.3.1] ==> [/usr/lib/gcc/i686-redhat-linux/6.3.1]
  collapse library dir [/usr/lib/gcc/i686-redhat-linux/6.3.1/../../..] ==> [/usr/lib]
  implicit libs: [stdc++;m;c]
  implicit dirs: [/usr/lib/gcc/i686-redhat-linux/6.3.1;/usr/lib]
  implicit fwks: []




Detecting CXX [-std=c++14] compiler features compiled with the following output:
Change Dir: /home/keith/program/opencv/opencv学习(三十三)之霍夫变换HoughCircles/CMakeFiles/CMakeTmp

Run Build Command:"/usr/bin/gmake" "cmTC_432bc/fast"
/usr/bin/gmake -f CMakeFiles/cmTC_432bc.dir/build.make CMakeFiles/cmTC_432bc.dir/build
gmake[1]: Entering directory '/home/keith/program/opencv/opencv学习(三十三)之霍夫变换HoughCircles/CMakeFiles/CMakeTmp'
Building CXX object CMakeFiles/cmTC_432bc.dir/feature_tests.cxx.o
/usr/bin/c++     -std=c++14 -o CMakeFiles/cmTC_432bc.dir/feature_tests.cxx.o -c "/home/keith/program/opencv/opencv学习(三十三)之霍夫变换HoughCircles/CMakeFiles/feature_tests.cxx"
Linking CXX executable cmTC_432bc
/usr/bin/cmake -E cmake_link_script CMakeFiles/cmTC_432bc.dir/link.txt --verbose=1
/usr/bin/c++        CMakeFiles/cmTC_432bc.dir/feature_tests.cxx.o  -o cmTC_432bc -rdynamic 
gmake[1]: Leaving directory '/home/keith/program/opencv/opencv学习(三十三)之霍夫变换HoughCircles/CMakeFiles/CMakeTmp'


    Feature record: CXX_FEATURE:1cxx_aggregate_default_initializers
    Feature record: CXX_FEATURE:1cxx_alias_templates
    Feature record: CXX_FEATURE:1cxx_alignas
    Feature record: CXX_FEATURE:1cxx_alignof
    Feature record: CXX_FEATURE:1cxx_attributes
    Feature record: CXX_FEATURE:1cxx_attribute_deprecated
    Feature record: CXX_FEATURE:1cxx_auto_type
    Feature record: CXX_FEATURE:1cxx_binary_literals
    Feature record: CXX_FEATURE:1cxx_constexpr
    Feature record: CXX_FEATURE:1cxx_contextual_conversions
    Feature record: CXX_FEATURE:1cxx_decltype
    Feature record: CXX_FEATURE:1cxx_decltype_auto
    Feature record: CXX_FEATURE:1cxx_decltype_incomplete_return_types
    Feature record: CXX_FEATURE:1cxx_default_function_template_args
    Feature record: CXX_FEATURE:1cxx_defaulted_functions
    Feature record: CXX_FEATURE:1cxx_defaulted_move_initializers
    Feature record: CXX_FEATURE:1cxx_delegating_constructors
    Feature record: CXX_FEATURE:1cxx_deleted_functions
    Feature record: CXX_FEATURE:1cxx_digit_separators
    Feature record: CXX_FEATURE:1cxx_enum_forward_declarations
    Feature record: CXX_FEATURE:1cxx_explicit_conversions
    Feature record: CXX_FEATURE:1cxx_extended_friend_declarations
    Feature record: CXX_FEATURE:1cxx_extern_templates
    Feature record: CXX_FEATURE:1cxx_final
    Feature record: CXX_FEATURE:1cxx_func_identifier
    Feature record: CXX_FEATURE:1cxx_generalized_initializers
    Feature record: CXX_FEATURE:1cxx_generic_lambdas
    Feature record: CXX_FEATURE:1cxx_inheriting_constructors
    Feature record: CXX_FEATURE:1cxx_inline_namespaces
    Feature record: CXX_FEATURE:1cxx_lambdas
    Feature record: CXX_FEATURE:1cxx_lambda_init_captures
    Feature record: CXX_FEATURE:1cxx_local_type_template_args
    Feature record: CXX_FEATURE:1cxx_long_long_type
    Feature record: CXX_FEATURE:1cxx_noexcept
    Feature record: CXX_FEATURE:1cxx_nonstatic_member_init
    Feature record: CXX_FEATURE:1cxx_nullptr
    Feature record: CXX_FEATURE:1cxx_override
    Feature record: CXX_FEATURE:1cxx_range_for
    Feature record: CXX_FEATURE:1cxx_raw_string_literals
    Feature record: CXX_FEATURE:1cxx_reference_qualified_functions
    Feature record: CXX_FEATURE:1cxx_relaxed_constexpr
    Feature record: CXX_FEATURE:1cxx_return_type_deduction
    Feature record: CXX_FEATURE:1cxx_right_angle_brackets
    Feature record: CXX_FEATURE:1cxx_rvalue_references
    Feature record: CXX_FEATURE:1cxx_sizeof_member
    Feature record: CXX_FEATURE:1cxx_static_assert
    Feature record: CXX_FEATURE:1cxx_strong_enums
    Feature record: CXX_FEATURE:1cxx_template_template_parameters
    Feature record: CXX_FEATURE:1cxx_thread_local
    Feature record: CXX_FEATURE:1cxx_trailing_return_types
    Feature record: CXX_FEATURE:1cxx_unicode_literals
    Feature record: CXX_FEATURE:1cxx_uniform_initialization
    Feature record: CXX_FEATURE:1cxx_unrestricted_unions
    Feature record: CXX_FEATURE:1cxx_user_literals
    Feature record: CXX_FEATURE:1cxx_variable_templates
    Feature record: CXX_FEATURE:1cxx_variadic_macros
    Feature record: CXX_FEATURE:1cxx_variadic_templates


Detecting CXX [-std=c++11] compiler features compiled with the following output:
Change Dir: /home/keith/program/opencv/opencv学习(三十三)之霍夫变换HoughCircles/CMakeFiles/CMakeTmp

Run Build Command:"/usr/bin/gmake" "cmTC_96eb8/fast"
/usr/bin/gmake -f CMakeFiles/cmTC_96eb8.dir/build.make CMakeFiles/cmTC_96eb8.dir/build
gmake[1]: Entering directory '/home/keith/program/opencv/opencv学习(三十三)之霍夫变换HoughCircles/CMakeFiles/CMakeTmp'
Building CXX object CMakeFiles/cmTC_96eb8.dir/feature_tests.cxx.o
/usr/bin/c++     -std=c++11 -o CMakeFiles/cmTC_96eb8.dir/feature_tests.cxx.o -c "/home/keith/program/opencv/opencv学习(三十三)之霍夫变换HoughCircles/CMakeFiles/feature_tests.cxx"
Linking CXX executable cmTC_96eb8
/usr/bin/cmake -E cmake_link_script CMakeFiles/cmTC_96eb8.dir/link.txt --verbose=1
/usr/bin/c++        CMakeFiles/cmTC_96eb8.dir/feature_tests.cxx.o  -o cmTC_96eb8 -rdynamic 
gmake[1]: Leaving directory '/home/keith/program/opencv/opencv学习(三十三)之霍夫变换HoughCircles/CMakeFiles/CMakeTmp'


    Feature record: CXX_FEATURE:0cxx_aggregate_default_initializers
    Feature record: CXX_FEATURE:1cxx_alias_templates
    Feature record: CXX_FEATURE:1cxx_alignas
    Feature record: CXX_FEATURE:1cxx_alignof
    Feature record: CXX_FEATURE:1cxx_attributes
    Feature record: CXX_FEATURE:0cxx_attribute_deprecated
    Feature record: CXX_FEATURE:1cxx_auto_type
    Feature record: CXX_FEATURE:0cxx_binary_literals
    Feature record: CXX_FEATURE:1cxx_constexpr
    Feature record: CXX_FEATURE:0cxx_contextual_conversions
    Feature record: CXX_FEATURE:1cxx_decltype
    Feature record: CXX_FEATURE:0cxx_decltype_auto
    Feature record: CXX_FEATURE:1cxx_decltype_incomplete_return_types
    Feature record: CXX_FEATURE:1cxx_default_function_template_args
    Feature record: CXX_FEATURE:1cxx_defaulted_functions
    Feature record: CXX_FEATURE:1cxx_defaulted_move_initializers
    Feature record: CXX_FEATURE:1cxx_delegating_constructors
    Feature record: CXX_FEATURE:1cxx_deleted_functions
    Feature record: CXX_FEATURE:0cxx_digit_separators
    Feature record: CXX_FEATURE:1cxx_enum_forward_declarations
    Feature record: CXX_FEATURE:1cxx_explicit_conversions
    Feature record: CXX_FEATURE:1cxx_extended_friend_declarations
    Feature record: CXX_FEATURE:1cxx_extern_templates
    Feature record: CXX_FEATURE:1cxx_final
    Feature record: CXX_FEATURE:1cxx_func_identifier
    Feature record: CXX_FEATURE:1cxx_generalized_initializers
    Feature record: CXX_FEATURE:0cxx_generic_lambdas
    Feature record: CXX_FEATURE:1cxx_inheriting_constructors
    Feature record: CXX_FEATURE:1cxx_inline_namespaces
    Feature record: CXX_FEATURE:1cxx_lambdas
    Feature record: CXX_FEATURE:0cxx_lambda_init_captures
    Feature record: CXX_FEATURE:1cxx_local_type_template_args
    Feature record: CXX_FEATURE:1cxx_long_long_type
    Feature record: CXX_FEATURE:1cxx_noexcept
    Feature record: CXX_FEATURE:1cxx_nonstatic_member_init
    Feature record: CXX_FEATURE:1cxx_nullptr
    Feature record: CXX_FEATURE:1cxx_override
    Feature record: CXX_FEATURE:1cxx_range_for
    Feature record: CXX_FEATURE:1cxx_raw_string_literals
    Feature record: CXX_FEATURE:1cxx_reference_qualified_functions
    Feature record: CXX_FEATURE:0cxx_relaxed_constexpr
    Feature record: CXX_FEATURE:0cxx_return_type_deduction
    Feature record: CXX_FEATURE:1cxx_right_angle_brackets
    Feature record: CXX_FEATURE:1cxx_rvalue_references
    Feature record: CXX_FEATURE:1cxx_sizeof_member
    Feature record: CXX_FEATURE:1cxx_static_assert
    Feature record: CXX_FEATURE:1cxx_strong_enums
    Feature record: CXX_FEATURE:1cxx_template_template_parameters
    Feature record: CXX_FEATURE:1cxx_thread_local
    Feature record: CXX_FEATURE:1cxx_trailing_return_types
    Feature record: CXX_FEATURE:1cxx_unicode_literals
    Feature record: CXX_FEATURE:1cxx_uniform_initialization
    Feature record: CXX_FEATURE:1cxx_unrestricted_unions
    Feature record: CXX_FEATURE:1cxx_user_literals
    Feature record: CXX_FEATURE:0cxx_variable_templates
    Feature record: CXX_FEATURE:1cxx_variadic_macros
    Feature record: CXX_FEATURE:1cxx_variadic_templates


Detecting CXX [-std=c++98] compiler features compiled with the following output:
Change Dir: /home/keith/program/opencv/opencv学习(三十三)之霍夫变换HoughCircles/CMakeFiles/CMakeTmp

Run Build Command:"/usr/bin/gmake" "cmTC_c6455/fast"
/usr/bin/gmake -f CMakeFiles/cmTC_c6455.dir/build.make CMakeFiles/cmTC_c6455.dir/build
gmake[1]: Entering directory '/home/keith/program/opencv/opencv学习(三十三)之霍夫变换HoughCircles/CMakeFiles/CMakeTmp'
Building CXX object CMakeFiles/cmTC_c6455.dir/feature_tests.cxx.o
/usr/bin/c++     -std=c++98 -o CMakeFiles/cmTC_c6455.dir/feature_tests.cxx.o -c "/home/keith/program/opencv/opencv学习(三十三)之霍夫变换HoughCircles/CMakeFiles/feature_tests.cxx"
Linking CXX executable cmTC_c6455
/usr/bin/cmake -E cmake_link_script CMakeFiles/cmTC_c6455.dir/link.txt --verbose=1
/usr/bin/c++        CMakeFiles/cmTC_c6455.dir/feature_tests.cxx.o  -o cmTC_c6455 -rdynamic 
gmake[1]: Leaving directory '/home/keith/program/opencv/opencv学习(三十三)之霍夫变换HoughCircles/CMakeFiles/CMakeTmp'


    Feature record: CXX_FEATURE:0cxx_aggregate_default_initializers
    Feature record: CXX_FEATURE:0cxx_alias_templates
    Feature record: CXX_FEATURE:0cxx_alignas
    Feature record: CXX_FEATURE:0cxx_alignof
    Feature record: CXX_FEATURE:0cxx_attributes
    Feature record: CXX_FEATURE:0cxx_attribute_deprecated
    Feature record: CXX_FEATURE:0cxx_auto_type
    Feature record: CXX_FEATURE:0cxx_binary_literals
    Feature record: CXX_FEATURE:0cxx_constexpr
    Feature record: CXX_FEATURE:0cxx_contextual_conversions
    Feature record: CXX_FEATURE:0cxx_decltype
    Feature record: CXX_FEATURE:0cxx_decltype_auto
    Feature record: CXX_FEATURE:0cxx_decltype_incomplete_return_types
    Feature record: CXX_FEATURE:0cxx_default_function_template_args
    Feature record: CXX_FEATURE:0cxx_defaulted_functions
    Feature record: CXX_FEATURE:0cxx_defaulted_move_initializers
    Feature record: CXX_FEATURE:0cxx_delegating_constructors
    Feature record: CXX_FEATURE:0cxx_deleted_functions
    Feature record: CXX_FEATURE:0cxx_digit_separators
    Feature record: CXX_FEATURE:0cxx_enum_forward_declarations
    Feature record: CXX_FEATURE:0cxx_explicit_conversions
    Feature record: CXX_FEATURE:0cxx_extended_friend_declarations
    Feature record: CXX_FEATURE:0cxx_extern_templates
    Feature record: CXX_FEATURE:0cxx_final
    Feature record: CXX_FEATURE:0cxx_func_identifier
    Feature record: CXX_FEATURE:0cxx_generalized_initializers
    Feature record: CXX_FEATURE:0cxx_generic_lambdas
    Feature record: CXX_FEATURE:0cxx_inheriting_constructors
    Feature record: CXX_FEATURE:0cxx_inline_namespaces
    Feature record: CXX_FEATURE:0cxx_lambdas
    Feature record: CXX_FEATURE:0cxx_lambda_init_captures
    Feature record: CXX_FEATURE:0cxx_local_type_template_args
    Feature record: CXX_FEATURE:0cxx_long_long_type
    Feature record: CXX_FEATURE:0cxx_noexcept
    Feature record: CXX_FEATURE:0cxx_nonstatic_member_init
    Feature record: CXX_FEATURE:0cxx_nullptr
    Feature record: CXX_FEATURE:0cxx_override
    Feature record: CXX_FEATURE:0cxx_range_for
    Feature record: CXX_FEATURE:0cxx_raw_string_literals
    Feature record: CXX_FEATURE:0cxx_reference_qualified_functions
    Feature record: CXX_FEATURE:0cxx_relaxed_constexpr
    Feature record: CXX_FEATURE:0cxx_return_type_deduction
    Feature record: CXX_FEATURE:0cxx_right_angle_brackets
    Feature record: CXX_FEATURE:0cxx_rvalue_references
    Feature record: CXX_FEATURE:0cxx_sizeof_member
    Feature record: CXX_FEATURE:0cxx_static_assert
    Feature record: CXX_FEATURE:0cxx_strong_enums
    Feature record: CXX_FEATURE:1cxx_template_template_parameters
    Feature record: CXX_FEATURE:0cxx_thread_local
    Feature record: CXX_FEATURE:0cxx_trailing_return_types
    Feature record: CXX_FEATURE:0cxx_unicode_literals
    Feature record: CXX_FEATURE:0cxx_uniform_initialization
    Feature record: CXX_FEATURE:0cxx_unrestricted_unions
    Feature record: CXX_FEATURE:0cxx_user_literals
    Feature record: CXX_FEATURE:0cxx_variable_templates
    Feature record: CXX_FEATURE:0cxx_variadic_macros
    Feature record: CXX_FEATURE:0cxx_variadic_templates
